2025-05-09 01:12:59,462 - INFO - Authenticated with Metabase.
2025-05-09 01:12:59,621 - INFO - Available fields: {'INTERACTIONID': 165, 'USERID_SURROGATE': 153, 'VIDEOID_SURROGATE': 159, 'PLATFORMID': 155, 'DEVICETYPEID': 167, 'OS_ID': 151, 'CONNECTIONTYPEID': 157, 'TIMEID': 150, 'WATCHREASONID': 152, 'TIMESPENTONVIDEO': 161, 'TOTALTIMESPENT': 162, 'ENGAGEMENT': 154, 'NUMBEROFSESSIONS': 164, 'NUMBEROFVIDEOSWATCHED': 156, 'SCROLLRATE': 169, 'IMPORTANCESCORE': 166, 'PRODUCTIVITYLOSS': 149, 'SATISFACTION': 158, 'SELFCONTROL': 163, 'ADDICTIONLEVEL': 160, 'INGESTIONTIMESTAMP': 168}
2025-05-09 01:12:59,623 - INFO - Payload for creating question: {'name': 'Avg Productivity Loss by Platform', 'dataset_query': {'type': 'query', 'database': 2, 'query': {'source-table': 13, 'aggregation': [['avg', ['field', 149]]], 'breakout': [['field', 155]]}}, 'display': 'bar', 'visualization_settings': {'graph.dimensions': ['PLATFORMID'], 'graph.metrics': ['PRODUCTIVITYLOSS'], 'type': 'bar', 'bar_orientation': 'vertical', 'bar_spacing': 1}}
2025-05-09 01:13:00,169 - INFO - Created question (card) with ID: 38
2025-05-09 01:13:00,170 - INFO - Payload for creating dashboard with card: {'name': 'Automated Video Analytics', 'dashcards': [{'card_id': 38, 'size_x': 4, 'size_y': 4, 'col': 0, 'row': 0}]}
2025-05-09 01:13:00,338 - INFO - Created dashboard with ID: 2, Response: {'description': None, 'archived': False, 'view_count': 0, 'collection_position': None, 'dashcards': [], 'initially_published_at': None, 'can_write': True, 'tabs': [], 'enable_embedding': False, 'collection_id': None, 'show_in_getting_started': False, 'name': 'Automated Video Analytics', 'width': 'fixed', 'caveats': None, 'collection_authority_level': None, 'creator_id': 1, 'can_restore': False, 'moderation_reviews': [], 'updated_at': '2025-05-09T01:13:00.199485Z', 'made_public_by_id': None, 'embedding_params': None, 'cache_ttl': None, 'last_used_param_values': {}, 'id': 2, 'last_viewed_at': '2025-05-09T01:13:00.199485Z', 'position': None, 'archived_directly': False, 'entity_id': 'w_yRPIPrx2xr1YuTieFO9', 'param_fields': None, 'last-edit-info': {'timestamp': '2025-05-09T01:13:00.332Z', 'id': 1, 'first_name': 'Pranitha', 'last_name': 'Bollepalli', 'email': 'pranithabollepalli22@gmail.com'}, 'collection': {'metabase.models.collection.root/is-root?': True, 'authority_level': None, 'name': 'Our analytics', 'is_personal': False, 'id': 'root', 'can_write': True}, 'parameters': [], 'auto_apply_filters': True, 'created_at': '2025-05-09T01:13:00.199485Z', 'public_uuid': None, 'points_of_interest': None, 'can_delete': False}
2025-05-09 01:16:24,886 - INFO - Authenticated with Metabase.
2025-05-09 01:16:24,886 - INFO - Session ID: 45725995-a3c1-42d8-bcb9-6eff0e9d64c1
2025-05-09 01:16:24,973 - INFO - Found table ENGAGEMENT_OVERVIEW with ID: 28
2025-05-09 01:16:25,061 - INFO - Found table ENGAGEMENT_OVERVIEW with ID: 28
2025-05-09 01:16:25,107 - INFO - Available fields for table 28: {'PLATFORM': 116, 'ENGAGEMENT': 119, 'COMMUNITYENGAGEMENT': 118, 'LIVEENGAGEMENT': 117}
2025-05-09 01:16:25,108 - INFO - Payload for creating question 'Engagement Overview': {'name': 'Engagement Overview', 'dataset_query': {'type': 'query', 'database': 2, 'query': {'source-table': 28}}, 'display': 'bar', 'visualization_settings': {'graph.dimensions': ['PLATFORM'], 'graph.metrics': ['ENGAGEMENT'], 'graph.x_axis.title_text': 'PLATFORM', 'graph.y_axis.title_text': 'ENGAGEMENT', 'graph.show_values': True}}
2025-05-09 01:16:25,241 - INFO - Created question (card) with ID: 39
2025-05-09 01:16:25,242 - INFO - Payload for creating dashboard 'Engagement Overview' with card: {'name': 'Engagement Overview', 'dashcards': [{'card_id': 39, 'size_x': 6, 'size_y': 4, 'col': 0, 'row': 0}]}
2025-05-09 01:16:25,314 - INFO - Created dashboard 'Engagement Overview' with ID: 3, Response: {'description': None, 'archived': False, 'view_count': 0, 'collection_position': None, 'dashcards': [], 'initially_published_at': None, 'can_write': True, 'tabs': [], 'enable_embedding': False, 'collection_id': None, 'show_in_getting_started': False, 'name': 'Engagement Overview', 'width': 'fixed', 'caveats': None, 'collection_authority_level': None, 'creator_id': 1, 'can_restore': False, 'moderation_reviews': [], 'updated_at': '2025-05-09T01:16:25.25887Z', 'made_public_by_id': None, 'embedding_params': None, 'cache_ttl': None, 'last_used_param_values': {}, 'id': 3, 'last_viewed_at': '2025-05-09T01:16:25.25887Z', 'position': None, 'archived_directly': False, 'entity_id': 'pYSaL33ASjs40bkCdEVHP', 'param_fields': None, 'last-edit-info': {'timestamp': '2025-05-09T01:16:25.308Z', 'id': 1, 'first_name': 'Pranitha', 'last_name': 'Bollepalli', 'email': 'pranithabollepalli22@gmail.com'}, 'collection': {'metabase.models.collection.root/is-root?': True, 'authority_level': None, 'name': 'Our analytics', 'is_personal': False, 'id': 'root', 'can_write': True}, 'parameters': [], 'auto_apply_filters': True, 'created_at': '2025-05-09T01:16:25.25887Z', 'public_uuid': None, 'points_of_interest': None, 'can_delete': False}
2025-05-09 01:16:25,385 - INFO - Enabled auto-refresh on dashboard 3.
2025-05-09 01:16:25,467 - INFO - Found table COMMUNITY_TRENDS with ID: 32
2025-05-09 01:16:25,554 - INFO - Found table COMMUNITY_TRENDS with ID: 32
2025-05-09 01:16:25,595 - INFO - Available fields for table 32: {'COMMUNITYNAME': 72, 'COMMUNITYENGAGEMENT': 74, 'TOTALTIMESPENT': 73}
2025-05-09 01:16:25,596 - INFO - Payload for creating question 'Community Trends': {'name': 'Community Trends', 'dataset_query': {'type': 'query', 'database': 2, 'query': {'source-table': 32}}, 'display': 'bar', 'visualization_settings': {'graph.dimensions': ['COMMUNITYNAME'], 'graph.metrics': ['COMMUNITYENGAGEMENT'], 'graph.x_axis.title_text': 'COMMUNITYNAME', 'graph.y_axis.title_text': 'COMMUNITYENGAGEMENT', 'graph.show_values': True}}
2025-05-09 01:16:25,725 - INFO - Created question (card) with ID: 40
2025-05-09 01:16:25,726 - INFO - Payload for creating dashboard 'Community Trends' with card: {'name': 'Community Trends', 'dashcards': [{'card_id': 40, 'size_x': 6, 'size_y': 4, 'col': 0, 'row': 0}]}
2025-05-09 01:16:25,785 - INFO - Created dashboard 'Community Trends' with ID: 4, Response: {'description': None, 'archived': False, 'view_count': 0, 'collection_position': None, 'dashcards': [], 'initially_published_at': None, 'can_write': True, 'tabs': [], 'enable_embedding': False, 'collection_id': None, 'show_in_getting_started': False, 'name': 'Community Trends', 'width': 'fixed', 'caveats': None, 'collection_authority_level': None, 'creator_id': 1, 'can_restore': False, 'moderation_reviews': [], 'updated_at': '2025-05-09T01:16:25.74173Z', 'made_public_by_id': None, 'embedding_params': None, 'cache_ttl': None, 'last_used_param_values': {}, 'id': 4, 'last_viewed_at': '2025-05-09T01:16:25.74173Z', 'position': None, 'archived_directly': False, 'entity_id': 'btv5-e7p2mZbfLKf9-Gm5', 'param_fields': None, 'last-edit-info': {'timestamp': '2025-05-09T01:16:25.780Z', 'id': 1, 'first_name': 'Pranitha', 'last_name': 'Bollepalli', 'email': 'pranithabollepalli22@gmail.com'}, 'collection': {'metabase.models.collection.root/is-root?': True, 'authority_level': None, 'name': 'Our analytics', 'is_personal': False, 'id': 'root', 'can_write': True}, 'parameters': [], 'auto_apply_filters': True, 'created_at': '2025-05-09T01:16:25.74173Z', 'public_uuid': None, 'points_of_interest': None, 'can_delete': False}
2025-05-09 01:16:25,856 - INFO - Enabled auto-refresh on dashboard 4.
2025-05-09 01:16:25,988 - INFO - Found table LIVE_STREAMING with ID: 14
2025-05-09 01:16:26,115 - INFO - Found table LIVE_STREAMING with ID: 14
2025-05-09 01:16:26,167 - INFO - Available fields for table 14: {'DEVICETYPE': 171, 'LIVEENGAGEMENT': 170, 'STREAMDURATION': 172, 'VIEWERCOUNT': 173}
2025-05-09 01:16:26,168 - INFO - Payload for creating question 'Live Streaming': {'name': 'Live Streaming', 'dataset_query': {'type': 'query', 'database': 2, 'query': {'source-table': 14}}, 'display': 'bar', 'visualization_settings': {'graph.dimensions': ['DEVICETYPE'], 'graph.metrics': ['LIVEENGAGEMENT'], 'graph.x_axis.title_text': 'DEVICETYPE', 'graph.y_axis.title_text': 'LIVEENGAGEMENT', 'graph.show_values': True}}
2025-05-09 01:16:26,292 - INFO - Created question (card) with ID: 41
2025-05-09 01:16:26,293 - INFO - Payload for creating dashboard 'Live Streaming' with card: {'name': 'Live Streaming', 'dashcards': [{'card_id': 41, 'size_x': 6, 'size_y': 4, 'col': 0, 'row': 0}]}
2025-05-09 01:16:26,352 - INFO - Created dashboard 'Live Streaming' with ID: 5, Response: {'description': None, 'archived': False, 'view_count': 0, 'collection_position': None, 'dashcards': [], 'initially_published_at': None, 'can_write': True, 'tabs': [], 'enable_embedding': False, 'collection_id': None, 'show_in_getting_started': False, 'name': 'Live Streaming', 'width': 'fixed', 'caveats': None, 'collection_authority_level': None, 'creator_id': 1, 'can_restore': False, 'moderation_reviews': [], 'updated_at': '2025-05-09T01:16:26.306542Z', 'made_public_by_id': None, 'embedding_params': None, 'cache_ttl': None, 'last_used_param_values': {}, 'id': 5, 'last_viewed_at': '2025-05-09T01:16:26.306542Z', 'position': None, 'archived_directly': False, 'entity_id': 'M4AWNnVHd0nkyspgGD-RA', 'param_fields': None, 'last-edit-info': {'timestamp': '2025-05-09T01:16:26.346Z', 'id': 1, 'first_name': 'Pranitha', 'last_name': 'Bollepalli', 'email': 'pranithabollepalli22@gmail.com'}, 'collection': {'metabase.models.collection.root/is-root?': True, 'authority_level': None, 'name': 'Our analytics', 'is_personal': False, 'id': 'root', 'can_write': True}, 'parameters': [], 'auto_apply_filters': True, 'created_at': '2025-05-09T01:16:26.306542Z', 'public_uuid': None, 'points_of_interest': None, 'can_delete': False}
2025-05-09 01:16:26,400 - INFO - Enabled auto-refresh on dashboard 5.
2025-05-09 01:16:26,479 - INFO - Found table VIDEO_INTERACTIONS with ID: 30
2025-05-09 01:16:26,547 - INFO - Found table VIDEO_INTERACTIONS with ID: 30
2025-05-09 01:16:26,586 - INFO - Available fields for table 30: {'WATCHREASON': 236, 'ENGAGEMENT': 237, 'PRODUCTIVITYLOSS': 235, 'SATISFACTION': 238}
2025-05-09 01:16:26,587 - INFO - Payload for creating question 'Video Interactions': {'name': 'Video Interactions', 'dataset_query': {'type': 'query', 'database': 2, 'query': {'source-table': 30}}, 'display': 'bar', 'visualization_settings': {'graph.dimensions': ['WATCHREASON'], 'graph.metrics': ['ENGAGEMENT'], 'graph.x_axis.title_text': 'WATCHREASON', 'graph.y_axis.title_text': 'ENGAGEMENT', 'graph.show_values': True}}
2025-05-09 01:16:26,721 - INFO - Created question (card) with ID: 42
2025-05-09 01:16:26,722 - INFO - Payload for creating dashboard 'Video Interactions' with card: {'name': 'Video Interactions', 'dashcards': [{'card_id': 42, 'size_x': 6, 'size_y': 4, 'col': 0, 'row': 0}]}
2025-05-09 01:16:26,789 - INFO - Created dashboard 'Video Interactions' with ID: 6, Response: {'description': None, 'archived': False, 'view_count': 0, 'collection_position': None, 'dashcards': [], 'initially_published_at': None, 'can_write': True, 'tabs': [], 'enable_embedding': False, 'collection_id': None, 'show_in_getting_started': False, 'name': 'Video Interactions', 'width': 'fixed', 'caveats': None, 'collection_authority_level': None, 'creator_id': 1, 'can_restore': False, 'moderation_reviews': [], 'updated_at': '2025-05-09T01:16:26.738222Z', 'made_public_by_id': None, 'embedding_params': None, 'cache_ttl': None, 'last_used_param_values': {}, 'id': 6, 'last_viewed_at': '2025-05-09T01:16:26.738222Z', 'position': None, 'archived_directly': False, 'entity_id': 'dJA-L3tW4TJc0jfiGgGTJ', 'param_fields': None, 'last-edit-info': {'timestamp': '2025-05-09T01:16:26.784Z', 'id': 1, 'first_name': 'Pranitha', 'last_name': 'Bollepalli', 'email': 'pranithabollepalli22@gmail.com'}, 'collection': {'metabase.models.collection.root/is-root?': True, 'authority_level': None, 'name': 'Our analytics', 'is_personal': False, 'id': 'root', 'can_write': True}, 'parameters': [], 'auto_apply_filters': True, 'created_at': '2025-05-09T01:16:26.738222Z', 'public_uuid': None, 'points_of_interest': None, 'can_delete': False}
2025-05-09 01:16:26,832 - INFO - Enabled auto-refresh on dashboard 6.
2025-05-09 01:16:26,905 - INFO - Found table TIME_TRENDS with ID: 19
2025-05-09 01:16:26,968 - INFO - Found table TIME_TRENDS with ID: 19
2025-05-09 01:16:27,001 - INFO - Available fields for table 19: {'HOUR': 232, 'ENGAGEMENT': 234, 'TOTALTIMESPENT': 231, 'NUMBEROFSESSIONS': 233}
2025-05-09 01:16:27,002 - INFO - Payload for creating question 'Time Trends': {'name': 'Time Trends', 'dataset_query': {'type': 'query', 'database': 2, 'query': {'source-table': 19}}, 'display': 'bar', 'visualization_settings': {'graph.dimensions': ['HOUR'], 'graph.metrics': ['ENGAGEMENT'], 'graph.x_axis.title_text': 'HOUR', 'graph.y_axis.title_text': 'ENGAGEMENT', 'graph.show_values': True}}
2025-05-09 01:16:27,122 - INFO - Created question (card) with ID: 43
2025-05-09 01:16:27,123 - INFO - Payload for creating dashboard 'Time Trends' with card: {'name': 'Time Trends', 'dashcards': [{'card_id': 43, 'size_x': 6, 'size_y': 4, 'col': 0, 'row': 0}]}
2025-05-09 01:16:27,190 - INFO - Created dashboard 'Time Trends' with ID: 7, Response: {'description': None, 'archived': False, 'view_count': 0, 'collection_position': None, 'dashcards': [], 'initially_published_at': None, 'can_write': True, 'tabs': [], 'enable_embedding': False, 'collection_id': None, 'show_in_getting_started': False, 'name': 'Time Trends', 'width': 'fixed', 'caveats': None, 'collection_authority_level': None, 'creator_id': 1, 'can_restore': False, 'moderation_reviews': [], 'updated_at': '2025-05-09T01:16:27.139703Z', 'made_public_by_id': None, 'embedding_params': None, 'cache_ttl': None, 'last_used_param_values': {}, 'id': 7, 'last_viewed_at': '2025-05-09T01:16:27.139703Z', 'position': None, 'archived_directly': False, 'entity_id': 'MBEYT2MGLBADK6GzyZMPP', 'param_fields': None, 'last-edit-info': {'timestamp': '2025-05-09T01:16:27.184Z', 'id': 1, 'first_name': 'Pranitha', 'last_name': 'Bollepalli', 'email': 'pranithabollepalli22@gmail.com'}, 'collection': {'metabase.models.collection.root/is-root?': True, 'authority_level': None, 'name': 'Our analytics', 'is_personal': False, 'id': 'root', 'can_write': True}, 'parameters': [], 'auto_apply_filters': True, 'created_at': '2025-05-09T01:16:27.139703Z', 'public_uuid': None, 'points_of_interest': None, 'can_delete': False}
2025-05-09 01:16:27,243 - INFO - Enabled auto-refresh on dashboard 7.
2025-05-09 01:16:27,318 - INFO - Found table DEMOGRAPHICS with ID: 25
2025-05-09 01:16:27,379 - INFO - Found table DEMOGRAPHICS with ID: 25
2025-05-09 01:16:27,427 - INFO - Available fields for table 25: {'AGEGROUP': 78, 'GENDER': 75, 'ENGAGEMENT': 76, 'PRODUCTIVITYLOSS': 77}
2025-05-09 01:16:27,428 - INFO - Payload for creating question 'Demographics': {'name': 'Demographics', 'dataset_query': {'type': 'query', 'database': 2, 'query': {'source-table': 25}}, 'display': 'bar', 'visualization_settings': {'graph.dimensions': ['AGEGROUP'], 'graph.metrics': ['ENGAGEMENT'], 'graph.x_axis.title_text': 'AGEGROUP', 'graph.y_axis.title_text': 'ENGAGEMENT', 'graph.show_values': True}}
2025-05-09 01:16:27,534 - INFO - Created question (card) with ID: 44
2025-05-09 01:16:27,535 - INFO - Payload for creating dashboard 'Demographics' with card: {'name': 'Demographics', 'dashcards': [{'card_id': 44, 'size_x': 6, 'size_y': 4, 'col': 0, 'row': 0}]}
2025-05-09 01:16:27,596 - INFO - Created dashboard 'Demographics' with ID: 8, Response: {'description': None, 'archived': False, 'view_count': 0, 'collection_position': None, 'dashcards': [], 'initially_published_at': None, 'can_write': True, 'tabs': [], 'enable_embedding': False, 'collection_id': None, 'show_in_getting_started': False, 'name': 'Demographics', 'width': 'fixed', 'caveats': None, 'collection_authority_level': None, 'creator_id': 1, 'can_restore': False, 'moderation_reviews': [], 'updated_at': '2025-05-09T01:16:27.549679Z', 'made_public_by_id': None, 'embedding_params': None, 'cache_ttl': None, 'last_used_param_values': {}, 'id': 8, 'last_viewed_at': '2025-05-09T01:16:27.549679Z', 'position': None, 'archived_directly': False, 'entity_id': 'PaiuKabdSYPpw6jaErqvd', 'param_fields': None, 'last-edit-info': {'timestamp': '2025-05-09T01:16:27.590Z', 'id': 1, 'first_name': 'Pranitha', 'last_name': 'Bollepalli', 'email': 'pranithabollepalli22@gmail.com'}, 'collection': {'metabase.models.collection.root/is-root?': True, 'authority_level': None, 'name': 'Our analytics', 'is_personal': False, 'id': 'root', 'can_write': True}, 'parameters': [], 'auto_apply_filters': True, 'created_at': '2025-05-09T01:16:27.549679Z', 'public_uuid': None, 'points_of_interest': None, 'can_delete': False}
2025-05-09 01:16:27,643 - INFO - Enabled auto-refresh on dashboard 8.
2025-05-09 01:25:38,936 - INFO - Authenticated with Metabase.
2025-05-09 01:25:38,937 - INFO - Session ID: d49aca5e-26e4-48b0-a69a-24e3f2d4dad0
2025-05-09 01:25:39,047 - INFO - Found table ENGAGEMENT_OVERVIEW with ID: 28
2025-05-09 01:25:39,140 - INFO - Found table ENGAGEMENT_OVERVIEW with ID: 28
2025-05-09 01:25:39,300 - INFO - Available fields for table 28: {'PLATFORM': 116, 'ENGAGEMENT': 119, 'COMMUNITYENGAGEMENT': 118, 'LIVEENGAGEMENT': 117}
2025-05-09 01:25:39,304 - INFO - Payload for creating question 'Engagement Overview': {'name': 'Engagement Overview', 'dataset_query': {'type': 'query', 'database': 2, 'query': {'source-table': 28}}, 'display': 'bar', 'visualization_settings': {'graph.dimensions': ['PLATFORM'], 'graph.metrics': ['ENGAGEMENT'], 'graph.x_axis.title_text': 'PLATFORM', 'graph.y_axis.title_text': 'ENGAGEMENT', 'graph.show_values': True}}
2025-05-09 01:25:39,518 - INFO - Created question (card) with ID: 45
2025-05-09 01:25:39,571 - INFO - Found existing dashboard 'Engagement Overview' with ID: 3
2025-05-09 01:25:39,575 - INFO - Payload for updating dashboard 3 with card: {'dashcards': [{'card_id': 45, 'size_x': 6, 'size_y': 4, 'col': 0, 'row': 0}]}
2025-05-09 01:25:39,618 - ERROR - Failed to update dashboard 3: 400 Client Error: Bad Request for url: http://metabase:3000/api/dashboard/3, Response: {"specific-errors":{"dashcards":[{"id":["missing required key, received: nil"]}]},"errors":{"dashcards":"nullable value must be seq of maps in which ids are unique"}}
2025-05-09 01:25:39,619 - ERROR - Error: 400 Client Error: Bad Request for url: http://metabase:3000/api/dashboard/3
2025-05-09 01:28:18,003 - INFO - Authenticated with Metabase.
2025-05-09 01:28:18,004 - INFO - Session ID: fc87fa55-4eb3-4c8b-a097-776fbbed1884
2025-05-09 01:28:18,094 - INFO - Found table ENGAGEMENT_OVERVIEW with ID: 28
2025-05-09 01:28:18,171 - INFO - Found table ENGAGEMENT_OVERVIEW with ID: 28
2025-05-09 01:28:18,214 - INFO - Available fields for table 28: {'PLATFORM': 116, 'ENGAGEMENT': 119, 'COMMUNITYENGAGEMENT': 118, 'LIVEENGAGEMENT': 117}
2025-05-09 01:28:18,215 - INFO - Payload for creating question 'Engagement Overview': {'name': 'Engagement Overview', 'dataset_query': {'type': 'query', 'database': 2, 'query': {'source-table': 28}}, 'display': 'bar', 'visualization_settings': {'graph.dimensions': ['PLATFORM'], 'graph.metrics': ['ENGAGEMENT'], 'graph.x_axis.title_text': 'PLATFORM', 'graph.y_axis.title_text': 'ENGAGEMENT', 'graph.show_values': True}}
2025-05-09 01:28:18,346 - INFO - Created question (card) with ID: 46
2025-05-09 01:28:18,348 - INFO - Payload for creating dashboard 'Engagement Overview' with card: {'name': 'Engagement Overview', 'dashcards': [{'card_id': 46, 'size_x': 6, 'size_y': 4, 'col': 0, 'row': 0}]}
2025-05-09 01:28:18,437 - INFO - Created dashboard 'Engagement Overview' with ID: 9, Response: {'description': None, 'archived': False, 'view_count': 0, 'collection_position': None, 'dashcards': [], 'initially_published_at': None, 'can_write': True, 'tabs': [], 'enable_embedding': False, 'collection_id': None, 'show_in_getting_started': False, 'name': 'Engagement Overview', 'width': 'fixed', 'caveats': None, 'collection_authority_level': None, 'creator_id': 1, 'can_restore': False, 'moderation_reviews': [], 'updated_at': '2025-05-09T01:28:18.362625Z', 'made_public_by_id': None, 'embedding_params': None, 'cache_ttl': None, 'last_used_param_values': {}, 'id': 9, 'last_viewed_at': '2025-05-09T01:28:18.362625Z', 'position': None, 'archived_directly': False, 'entity_id': '68kBY_Zskfv81Y3A68nSK', 'param_fields': None, 'last-edit-info': {'timestamp': '2025-05-09T01:28:18.421Z', 'id': 1, 'first_name': 'Pranitha', 'last_name': 'Bollepalli', 'email': 'pranithabollepalli22@gmail.com'}, 'collection': {'metabase.models.collection.root/is-root?': True, 'authority_level': None, 'name': 'Our analytics', 'is_personal': False, 'id': 'root', 'can_write': True}, 'parameters': [], 'auto_apply_filters': True, 'created_at': '2025-05-09T01:28:18.362625Z', 'public_uuid': None, 'points_of_interest': None, 'can_delete': False}
2025-05-09 01:28:18,553 - INFO - Enabled auto-refresh on dashboard 9.
2025-05-09 01:28:18,639 - INFO - Found table COMMUNITY_TRENDS with ID: 32
2025-05-09 01:28:18,703 - INFO - Found table COMMUNITY_TRENDS with ID: 32
2025-05-09 01:28:18,740 - INFO - Available fields for table 32: {'COMMUNITYNAME': 72, 'COMMUNITYENGAGEMENT': 74, 'TOTALTIMESPENT': 73}
2025-05-09 01:28:18,741 - INFO - Payload for creating question 'Community Trends': {'name': 'Community Trends', 'dataset_query': {'type': 'query', 'database': 2, 'query': {'source-table': 32}}, 'display': 'bar', 'visualization_settings': {'graph.dimensions': ['COMMUNITYNAME'], 'graph.metrics': ['COMMUNITYENGAGEMENT'], 'graph.x_axis.title_text': 'COMMUNITYNAME', 'graph.y_axis.title_text': 'COMMUNITYENGAGEMENT', 'graph.show_values': True}}
2025-05-09 01:28:18,844 - INFO - Created question (card) with ID: 47
2025-05-09 01:28:18,846 - INFO - Payload for creating dashboard 'Community Trends' with card: {'name': 'Community Trends', 'dashcards': [{'card_id': 47, 'size_x': 6, 'size_y': 4, 'col': 0, 'row': 0}]}
2025-05-09 01:28:18,972 - INFO - Created dashboard 'Community Trends' with ID: 10, Response: {'description': None, 'archived': False, 'view_count': 0, 'collection_position': None, 'dashcards': [], 'initially_published_at': None, 'can_write': True, 'tabs': [], 'enable_embedding': False, 'collection_id': None, 'show_in_getting_started': False, 'name': 'Community Trends', 'width': 'fixed', 'caveats': None, 'collection_authority_level': None, 'creator_id': 1, 'can_restore': False, 'moderation_reviews': [], 'updated_at': '2025-05-09T01:28:18.875135Z', 'made_public_by_id': None, 'embedding_params': None, 'cache_ttl': None, 'last_used_param_values': {}, 'id': 10, 'last_viewed_at': '2025-05-09T01:28:18.875135Z', 'position': None, 'archived_directly': False, 'entity_id': '0bEBDdmllVe5XZt2NUe2O', 'param_fields': None, 'last-edit-info': {'timestamp': '2025-05-09T01:28:18.966Z', 'id': 1, 'first_name': 'Pranitha', 'last_name': 'Bollepalli', 'email': 'pranithabollepalli22@gmail.com'}, 'collection': {'metabase.models.collection.root/is-root?': True, 'authority_level': None, 'name': 'Our analytics', 'is_personal': False, 'id': 'root', 'can_write': True}, 'parameters': [], 'auto_apply_filters': True, 'created_at': '2025-05-09T01:28:18.875135Z', 'public_uuid': None, 'points_of_interest': None, 'can_delete': False}
2025-05-09 01:28:19,054 - INFO - Enabled auto-refresh on dashboard 10.
2025-05-09 01:28:19,136 - INFO - Found table LIVE_STREAMING with ID: 14
2025-05-09 01:28:19,212 - INFO - Found table LIVE_STREAMING with ID: 14
2025-05-09 01:28:19,247 - INFO - Available fields for table 14: {'DEVICETYPE': 171, 'LIVEENGAGEMENT': 170, 'STREAMDURATION': 172, 'VIEWERCOUNT': 173}
2025-05-09 01:28:19,248 - INFO - Payload for creating question 'Live Streaming': {'name': 'Live Streaming', 'dataset_query': {'type': 'query', 'database': 2, 'query': {'source-table': 14}}, 'display': 'bar', 'visualization_settings': {'graph.dimensions': ['DEVICETYPE'], 'graph.metrics': ['LIVEENGAGEMENT'], 'graph.x_axis.title_text': 'DEVICETYPE', 'graph.y_axis.title_text': 'LIVEENGAGEMENT', 'graph.show_values': True}}
2025-05-09 01:28:19,365 - INFO - Created question (card) with ID: 48
2025-05-09 01:28:19,366 - INFO - Payload for creating dashboard 'Live Streaming' with card: {'name': 'Live Streaming', 'dashcards': [{'card_id': 48, 'size_x': 6, 'size_y': 4, 'col': 0, 'row': 0}]}
2025-05-09 01:28:19,429 - INFO - Created dashboard 'Live Streaming' with ID: 11, Response: {'description': None, 'archived': False, 'view_count': 0, 'collection_position': None, 'dashcards': [], 'initially_published_at': None, 'can_write': True, 'tabs': [], 'enable_embedding': False, 'collection_id': None, 'show_in_getting_started': False, 'name': 'Live Streaming', 'width': 'fixed', 'caveats': None, 'collection_authority_level': None, 'creator_id': 1, 'can_restore': False, 'moderation_reviews': [], 'updated_at': '2025-05-09T01:28:19.38138Z', 'made_public_by_id': None, 'embedding_params': None, 'cache_ttl': None, 'last_used_param_values': {}, 'id': 11, 'last_viewed_at': '2025-05-09T01:28:19.38138Z', 'position': None, 'archived_directly': False, 'entity_id': 'MTZTHmTTXEqVk6F0Spsrc', 'param_fields': None, 'last-edit-info': {'timestamp': '2025-05-09T01:28:19.424Z', 'id': 1, 'first_name': 'Pranitha', 'last_name': 'Bollepalli', 'email': 'pranithabollepalli22@gmail.com'}, 'collection': {'metabase.models.collection.root/is-root?': True, 'authority_level': None, 'name': 'Our analytics', 'is_personal': False, 'id': 'root', 'can_write': True}, 'parameters': [], 'auto_apply_filters': True, 'created_at': '2025-05-09T01:28:19.38138Z', 'public_uuid': None, 'points_of_interest': None, 'can_delete': False}
2025-05-09 01:28:19,475 - INFO - Enabled auto-refresh on dashboard 11.
2025-05-09 01:28:19,541 - INFO - Found table VIDEO_INTERACTIONS with ID: 30
2025-05-09 01:28:19,604 - INFO - Found table VIDEO_INTERACTIONS with ID: 30
2025-05-09 01:28:19,638 - INFO - Available fields for table 30: {'WATCHREASON': 236, 'ENGAGEMENT': 237, 'PRODUCTIVITYLOSS': 235, 'SATISFACTION': 238}
2025-05-09 01:28:19,639 - INFO - Payload for creating question 'Video Interactions': {'name': 'Video Interactions', 'dataset_query': {'type': 'query', 'database': 2, 'query': {'source-table': 30}}, 'display': 'bar', 'visualization_settings': {'graph.dimensions': ['WATCHREASON'], 'graph.metrics': ['ENGAGEMENT'], 'graph.x_axis.title_text': 'WATCHREASON', 'graph.y_axis.title_text': 'ENGAGEMENT', 'graph.show_values': True}}
2025-05-09 01:28:19,745 - INFO - Created question (card) with ID: 49
2025-05-09 01:28:19,746 - INFO - Payload for creating dashboard 'Video Interactions' with card: {'name': 'Video Interactions', 'dashcards': [{'card_id': 49, 'size_x': 6, 'size_y': 4, 'col': 0, 'row': 0}]}
2025-05-09 01:28:19,805 - INFO - Created dashboard 'Video Interactions' with ID: 12, Response: {'description': None, 'archived': False, 'view_count': 0, 'collection_position': None, 'dashcards': [], 'initially_published_at': None, 'can_write': True, 'tabs': [], 'enable_embedding': False, 'collection_id': None, 'show_in_getting_started': False, 'name': 'Video Interactions', 'width': 'fixed', 'caveats': None, 'collection_authority_level': None, 'creator_id': 1, 'can_restore': False, 'moderation_reviews': [], 'updated_at': '2025-05-09T01:28:19.761155Z', 'made_public_by_id': None, 'embedding_params': None, 'cache_ttl': None, 'last_used_param_values': {}, 'id': 12, 'last_viewed_at': '2025-05-09T01:28:19.761155Z', 'position': None, 'archived_directly': False, 'entity_id': 'IKyRyS6Bpo1EDSxcqrnab', 'param_fields': None, 'last-edit-info': {'timestamp': '2025-05-09T01:28:19.800Z', 'id': 1, 'first_name': 'Pranitha', 'last_name': 'Bollepalli', 'email': 'pranithabollepalli22@gmail.com'}, 'collection': {'metabase.models.collection.root/is-root?': True, 'authority_level': None, 'name': 'Our analytics', 'is_personal': False, 'id': 'root', 'can_write': True}, 'parameters': [], 'auto_apply_filters': True, 'created_at': '2025-05-09T01:28:19.761155Z', 'public_uuid': None, 'points_of_interest': None, 'can_delete': False}
2025-05-09 01:28:19,855 - INFO - Enabled auto-refresh on dashboard 12.
2025-05-09 01:28:19,933 - INFO - Found table TIME_TRENDS with ID: 19
2025-05-09 01:28:20,004 - INFO - Found table TIME_TRENDS with ID: 19
2025-05-09 01:28:20,048 - INFO - Available fields for table 19: {'HOUR': 232, 'ENGAGEMENT': 234, 'TOTALTIMESPENT': 231, 'NUMBEROFSESSIONS': 233}
2025-05-09 01:28:20,049 - INFO - Payload for creating question 'Time Trends': {'name': 'Time Trends', 'dataset_query': {'type': 'query', 'database': 2, 'query': {'source-table': 19}}, 'display': 'bar', 'visualization_settings': {'graph.dimensions': ['HOUR'], 'graph.metrics': ['ENGAGEMENT'], 'graph.x_axis.title_text': 'HOUR', 'graph.y_axis.title_text': 'ENGAGEMENT', 'graph.show_values': True}}
2025-05-09 01:28:20,159 - INFO - Created question (card) with ID: 50
2025-05-09 01:28:20,160 - INFO - Payload for creating dashboard 'Time Trends' with card: {'name': 'Time Trends', 'dashcards': [{'card_id': 50, 'size_x': 6, 'size_y': 4, 'col': 0, 'row': 0}]}
2025-05-09 01:28:20,221 - INFO - Created dashboard 'Time Trends' with ID: 13, Response: {'description': None, 'archived': False, 'view_count': 0, 'collection_position': None, 'dashcards': [], 'initially_published_at': None, 'can_write': True, 'tabs': [], 'enable_embedding': False, 'collection_id': None, 'show_in_getting_started': False, 'name': 'Time Trends', 'width': 'fixed', 'caveats': None, 'collection_authority_level': None, 'creator_id': 1, 'can_restore': False, 'moderation_reviews': [], 'updated_at': '2025-05-09T01:28:20.173809Z', 'made_public_by_id': None, 'embedding_params': None, 'cache_ttl': None, 'last_used_param_values': {}, 'id': 13, 'last_viewed_at': '2025-05-09T01:28:20.173809Z', 'position': None, 'archived_directly': False, 'entity_id': '-MebShNH03zCQ7hNRnt0L', 'param_fields': None, 'last-edit-info': {'timestamp': '2025-05-09T01:28:20.217Z', 'id': 1, 'first_name': 'Pranitha', 'last_name': 'Bollepalli', 'email': 'pranithabollepalli22@gmail.com'}, 'collection': {'metabase.models.collection.root/is-root?': True, 'authority_level': None, 'name': 'Our analytics', 'is_personal': False, 'id': 'root', 'can_write': True}, 'parameters': [], 'auto_apply_filters': True, 'created_at': '2025-05-09T01:28:20.173809Z', 'public_uuid': None, 'points_of_interest': None, 'can_delete': False}
2025-05-09 01:28:20,276 - INFO - Enabled auto-refresh on dashboard 13.
2025-05-09 01:28:20,356 - INFO - Found table DEMOGRAPHICS with ID: 25
2025-05-09 01:28:20,452 - INFO - Found table DEMOGRAPHICS with ID: 25
2025-05-09 01:28:20,501 - INFO - Available fields for table 25: {'AGEGROUP': 78, 'GENDER': 75, 'ENGAGEMENT': 76, 'PRODUCTIVITYLOSS': 77}
2025-05-09 01:28:20,503 - INFO - Payload for creating question 'Demographics': {'name': 'Demographics', 'dataset_query': {'type': 'query', 'database': 2, 'query': {'source-table': 25}}, 'display': 'bar', 'visualization_settings': {'graph.dimensions': ['AGEGROUP'], 'graph.metrics': ['ENGAGEMENT'], 'graph.x_axis.title_text': 'AGEGROUP', 'graph.y_axis.title_text': 'ENGAGEMENT', 'graph.show_values': True}}
2025-05-09 01:28:20,652 - INFO - Created question (card) with ID: 51
2025-05-09 01:28:20,654 - INFO - Payload for creating dashboard 'Demographics' with card: {'name': 'Demographics', 'dashcards': [{'card_id': 51, 'size_x': 6, 'size_y': 4, 'col': 0, 'row': 0}]}
2025-05-09 01:28:20,740 - INFO - Created dashboard 'Demographics' with ID: 14, Response: {'description': None, 'archived': False, 'view_count': 0, 'collection_position': None, 'dashcards': [], 'initially_published_at': None, 'can_write': True, 'tabs': [], 'enable_embedding': False, 'collection_id': None, 'show_in_getting_started': False, 'name': 'Demographics', 'width': 'fixed', 'caveats': None, 'collection_authority_level': None, 'creator_id': 1, 'can_restore': False, 'moderation_reviews': [], 'updated_at': '2025-05-09T01:28:20.674453Z', 'made_public_by_id': None, 'embedding_params': None, 'cache_ttl': None, 'last_used_param_values': {}, 'id': 14, 'last_viewed_at': '2025-05-09T01:28:20.674453Z', 'position': None, 'archived_directly': False, 'entity_id': 'StNzWfsVmHmAiqRF-CMYF', 'param_fields': None, 'last-edit-info': {'timestamp': '2025-05-09T01:28:20.729Z', 'id': 1, 'first_name': 'Pranitha', 'last_name': 'Bollepalli', 'email': 'pranithabollepalli22@gmail.com'}, 'collection': {'metabase.models.collection.root/is-root?': True, 'authority_level': None, 'name': 'Our analytics', 'is_personal': False, 'id': 'root', 'can_write': True}, 'parameters': [], 'auto_apply_filters': True, 'created_at': '2025-05-09T01:28:20.674453Z', 'public_uuid': None, 'points_of_interest': None, 'can_delete': False}
2025-05-09 01:28:20,807 - INFO - Enabled auto-refresh on dashboard 14.
2025-05-09 01:28:54,821 - INFO - Authenticated with Metabase.
2025-05-09 01:28:54,822 - INFO - Session ID: 19b7b0a5-3c10-4ff7-b7f6-edf77e16be66
2025-05-09 01:28:54,897 - INFO - Found table ENGAGEMENT_OVERVIEW with ID: 28
2025-05-09 01:28:54,957 - INFO - Found table ENGAGEMENT_OVERVIEW with ID: 28
2025-05-09 01:28:54,987 - INFO - Available fields for table 28: {'PLATFORM': 116, 'ENGAGEMENT': 119, 'COMMUNITYENGAGEMENT': 118, 'LIVEENGAGEMENT': 117}
2025-05-09 01:28:54,989 - INFO - Payload for creating question 'Engagement Overview': {'name': 'Engagement Overview', 'dataset_query': {'type': 'query', 'database': 2, 'query': {'source-table': 28}}, 'display': 'bar', 'visualization_settings': {'graph.dimensions': ['PLATFORM'], 'graph.metrics': ['ENGAGEMENT'], 'graph.x_axis.title_text': 'PLATFORM', 'graph.y_axis.title_text': 'ENGAGEMENT', 'graph.show_values': True}}
2025-05-09 01:28:55,083 - INFO - Created question (card) with ID: 52
2025-05-09 01:28:55,084 - INFO - Payload for creating dashboard 'Engagement Overview' with card: {'name': 'Engagement Overview', 'dashcards': [{'card_id': 52, 'size_x': 6, 'size_y': 4, 'col': 0, 'row': 0}]}
2025-05-09 01:28:55,141 - INFO - Created dashboard 'Engagement Overview' with ID: 15, Response: {'description': None, 'archived': False, 'view_count': 0, 'collection_position': None, 'dashcards': [], 'initially_published_at': None, 'can_write': True, 'tabs': [], 'enable_embedding': False, 'collection_id': None, 'show_in_getting_started': False, 'name': 'Engagement Overview', 'width': 'fixed', 'caveats': None, 'collection_authority_level': None, 'creator_id': 1, 'can_restore': False, 'moderation_reviews': [], 'updated_at': '2025-05-09T01:28:55.096173Z', 'made_public_by_id': None, 'embedding_params': None, 'cache_ttl': None, 'last_used_param_values': {}, 'id': 15, 'last_viewed_at': '2025-05-09T01:28:55.096173Z', 'position': None, 'archived_directly': False, 'entity_id': 'P1VRiE1rvRE-O5p3tSkRw', 'param_fields': None, 'last-edit-info': {'timestamp': '2025-05-09T01:28:55.136Z', 'id': 1, 'first_name': 'Pranitha', 'last_name': 'Bollepalli', 'email': 'pranithabollepalli22@gmail.com'}, 'collection': {'metabase.models.collection.root/is-root?': True, 'authority_level': None, 'name': 'Our analytics', 'is_personal': False, 'id': 'root', 'can_write': True}, 'parameters': [], 'auto_apply_filters': True, 'created_at': '2025-05-09T01:28:55.096173Z', 'public_uuid': None, 'points_of_interest': None, 'can_delete': False}
2025-05-09 01:28:55,180 - INFO - Enabled auto-refresh on dashboard 15.
2025-05-09 01:28:55,247 - INFO - Found table COMMUNITY_TRENDS with ID: 32
2025-05-09 01:28:55,311 - INFO - Found table COMMUNITY_TRENDS with ID: 32
2025-05-09 01:28:55,341 - INFO - Available fields for table 32: {'COMMUNITYNAME': 72, 'COMMUNITYENGAGEMENT': 74, 'TOTALTIMESPENT': 73}
2025-05-09 01:28:55,342 - INFO - Payload for creating question 'Community Trends': {'name': 'Community Trends', 'dataset_query': {'type': 'query', 'database': 2, 'query': {'source-table': 32}}, 'display': 'bar', 'visualization_settings': {'graph.dimensions': ['COMMUNITYNAME'], 'graph.metrics': ['COMMUNITYENGAGEMENT'], 'graph.x_axis.title_text': 'COMMUNITYNAME', 'graph.y_axis.title_text': 'COMMUNITYENGAGEMENT', 'graph.show_values': True}}
2025-05-09 01:28:55,435 - INFO - Created question (card) with ID: 53
2025-05-09 01:28:55,436 - INFO - Payload for creating dashboard 'Community Trends' with card: {'name': 'Community Trends', 'dashcards': [{'card_id': 53, 'size_x': 6, 'size_y': 4, 'col': 0, 'row': 0}]}
2025-05-09 01:28:55,487 - INFO - Created dashboard 'Community Trends' with ID: 16, Response: {'description': None, 'archived': False, 'view_count': 0, 'collection_position': None, 'dashcards': [], 'initially_published_at': None, 'can_write': True, 'tabs': [], 'enable_embedding': False, 'collection_id': None, 'show_in_getting_started': False, 'name': 'Community Trends', 'width': 'fixed', 'caveats': None, 'collection_authority_level': None, 'creator_id': 1, 'can_restore': False, 'moderation_reviews': [], 'updated_at': '2025-05-09T01:28:55.448788Z', 'made_public_by_id': None, 'embedding_params': None, 'cache_ttl': None, 'last_used_param_values': {}, 'id': 16, 'last_viewed_at': '2025-05-09T01:28:55.448788Z', 'position': None, 'archived_directly': False, 'entity_id': 'jAZ_McoTvwlUGggYLpFxF', 'param_fields': None, 'last-edit-info': {'timestamp': '2025-05-09T01:28:55.483Z', 'id': 1, 'first_name': 'Pranitha', 'last_name': 'Bollepalli', 'email': 'pranithabollepalli22@gmail.com'}, 'collection': {'metabase.models.collection.root/is-root?': True, 'authority_level': None, 'name': 'Our analytics', 'is_personal': False, 'id': 'root', 'can_write': True}, 'parameters': [], 'auto_apply_filters': True, 'created_at': '2025-05-09T01:28:55.448788Z', 'public_uuid': None, 'points_of_interest': None, 'can_delete': False}
2025-05-09 01:28:55,526 - INFO - Enabled auto-refresh on dashboard 16.
2025-05-09 01:28:55,588 - INFO - Found table LIVE_STREAMING with ID: 14
2025-05-09 01:28:55,647 - INFO - Found table LIVE_STREAMING with ID: 14
2025-05-09 01:28:55,675 - INFO - Available fields for table 14: {'DEVICETYPE': 171, 'LIVEENGAGEMENT': 170, 'STREAMDURATION': 172, 'VIEWERCOUNT': 173}
2025-05-09 01:28:55,676 - INFO - Payload for creating question 'Live Streaming': {'name': 'Live Streaming', 'dataset_query': {'type': 'query', 'database': 2, 'query': {'source-table': 14}}, 'display': 'bar', 'visualization_settings': {'graph.dimensions': ['DEVICETYPE'], 'graph.metrics': ['LIVEENGAGEMENT'], 'graph.x_axis.title_text': 'DEVICETYPE', 'graph.y_axis.title_text': 'LIVEENGAGEMENT', 'graph.show_values': True}}
2025-05-09 01:28:55,774 - INFO - Created question (card) with ID: 54
2025-05-09 01:28:55,775 - INFO - Payload for creating dashboard 'Live Streaming' with card: {'name': 'Live Streaming', 'dashcards': [{'card_id': 54, 'size_x': 6, 'size_y': 4, 'col': 0, 'row': 0}]}
2025-05-09 01:28:55,832 - INFO - Created dashboard 'Live Streaming' with ID: 17, Response: {'description': None, 'archived': False, 'view_count': 0, 'collection_position': None, 'dashcards': [], 'initially_published_at': None, 'can_write': True, 'tabs': [], 'enable_embedding': False, 'collection_id': None, 'show_in_getting_started': False, 'name': 'Live Streaming', 'width': 'fixed', 'caveats': None, 'collection_authority_level': None, 'creator_id': 1, 'can_restore': False, 'moderation_reviews': [], 'updated_at': '2025-05-09T01:28:55.789688Z', 'made_public_by_id': None, 'embedding_params': None, 'cache_ttl': None, 'last_used_param_values': {}, 'id': 17, 'last_viewed_at': '2025-05-09T01:28:55.789688Z', 'position': None, 'archived_directly': False, 'entity_id': 'NOYTIP752sHqTIhy8qgzY', 'param_fields': None, 'last-edit-info': {'timestamp': '2025-05-09T01:28:55.826Z', 'id': 1, 'first_name': 'Pranitha', 'last_name': 'Bollepalli', 'email': 'pranithabollepalli22@gmail.com'}, 'collection': {'metabase.models.collection.root/is-root?': True, 'authority_level': None, 'name': 'Our analytics', 'is_personal': False, 'id': 'root', 'can_write': True}, 'parameters': [], 'auto_apply_filters': True, 'created_at': '2025-05-09T01:28:55.789688Z', 'public_uuid': None, 'points_of_interest': None, 'can_delete': False}
2025-05-09 01:28:55,873 - INFO - Enabled auto-refresh on dashboard 17.
2025-05-09 01:28:55,936 - INFO - Found table VIDEO_INTERACTIONS with ID: 30
2025-05-09 01:28:56,017 - INFO - Found table VIDEO_INTERACTIONS with ID: 30
2025-05-09 01:28:56,050 - INFO - Available fields for table 30: {'WATCHREASON': 236, 'ENGAGEMENT': 237, 'PRODUCTIVITYLOSS': 235, 'SATISFACTION': 238}
2025-05-09 01:28:56,051 - INFO - Payload for creating question 'Video Interactions': {'name': 'Video Interactions', 'dataset_query': {'type': 'query', 'database': 2, 'query': {'source-table': 30}}, 'display': 'bar', 'visualization_settings': {'graph.dimensions': ['WATCHREASON'], 'graph.metrics': ['ENGAGEMENT'], 'graph.x_axis.title_text': 'WATCHREASON', 'graph.y_axis.title_text': 'ENGAGEMENT', 'graph.show_values': True}}
2025-05-09 01:28:56,145 - INFO - Created question (card) with ID: 55
2025-05-09 01:28:56,146 - INFO - Payload for creating dashboard 'Video Interactions' with card: {'name': 'Video Interactions', 'dashcards': [{'card_id': 55, 'size_x': 6, 'size_y': 4, 'col': 0, 'row': 0}]}
2025-05-09 01:28:56,194 - INFO - Created dashboard 'Video Interactions' with ID: 18, Response: {'description': None, 'archived': False, 'view_count': 0, 'collection_position': None, 'dashcards': [], 'initially_published_at': None, 'can_write': True, 'tabs': [], 'enable_embedding': False, 'collection_id': None, 'show_in_getting_started': False, 'name': 'Video Interactions', 'width': 'fixed', 'caveats': None, 'collection_authority_level': None, 'creator_id': 1, 'can_restore': False, 'moderation_reviews': [], 'updated_at': '2025-05-09T01:28:56.15926Z', 'made_public_by_id': None, 'embedding_params': None, 'cache_ttl': None, 'last_used_param_values': {}, 'id': 18, 'last_viewed_at': '2025-05-09T01:28:56.15926Z', 'position': None, 'archived_directly': False, 'entity_id': 'XazxehOd5Qo7a-jKaTqL4', 'param_fields': None, 'last-edit-info': {'timestamp': '2025-05-09T01:28:56.190Z', 'id': 1, 'first_name': 'Pranitha', 'last_name': 'Bollepalli', 'email': 'pranithabollepalli22@gmail.com'}, 'collection': {'metabase.models.collection.root/is-root?': True, 'authority_level': None, 'name': 'Our analytics', 'is_personal': False, 'id': 'root', 'can_write': True}, 'parameters': [], 'auto_apply_filters': True, 'created_at': '2025-05-09T01:28:56.15926Z', 'public_uuid': None, 'points_of_interest': None, 'can_delete': False}
2025-05-09 01:28:56,232 - INFO - Enabled auto-refresh on dashboard 18.
2025-05-09 01:28:56,304 - INFO - Found table TIME_TRENDS with ID: 19
2025-05-09 01:28:56,362 - INFO - Found table TIME_TRENDS with ID: 19
2025-05-09 01:28:56,391 - INFO - Available fields for table 19: {'HOUR': 232, 'ENGAGEMENT': 234, 'TOTALTIMESPENT': 231, 'NUMBEROFSESSIONS': 233}
2025-05-09 01:28:56,393 - INFO - Payload for creating question 'Time Trends': {'name': 'Time Trends', 'dataset_query': {'type': 'query', 'database': 2, 'query': {'source-table': 19}}, 'display': 'bar', 'visualization_settings': {'graph.dimensions': ['HOUR'], 'graph.metrics': ['ENGAGEMENT'], 'graph.x_axis.title_text': 'HOUR', 'graph.y_axis.title_text': 'ENGAGEMENT', 'graph.show_values': True}}
2025-05-09 01:28:56,486 - INFO - Created question (card) with ID: 56
2025-05-09 01:28:56,487 - INFO - Payload for creating dashboard 'Time Trends' with card: {'name': 'Time Trends', 'dashcards': [{'card_id': 56, 'size_x': 6, 'size_y': 4, 'col': 0, 'row': 0}]}
2025-05-09 01:28:56,537 - INFO - Created dashboard 'Time Trends' with ID: 19, Response: {'description': None, 'archived': False, 'view_count': 0, 'collection_position': None, 'dashcards': [], 'initially_published_at': None, 'can_write': True, 'tabs': [], 'enable_embedding': False, 'collection_id': None, 'show_in_getting_started': False, 'name': 'Time Trends', 'width': 'fixed', 'caveats': None, 'collection_authority_level': None, 'creator_id': 1, 'can_restore': False, 'moderation_reviews': [], 'updated_at': '2025-05-09T01:28:56.499741Z', 'made_public_by_id': None, 'embedding_params': None, 'cache_ttl': None, 'last_used_param_values': {}, 'id': 19, 'last_viewed_at': '2025-05-09T01:28:56.499741Z', 'position': None, 'archived_directly': False, 'entity_id': '7FZkDaQ-DtWORAWZMxKVo', 'param_fields': None, 'last-edit-info': {'timestamp': '2025-05-09T01:28:56.531Z', 'id': 1, 'first_name': 'Pranitha', 'last_name': 'Bollepalli', 'email': 'pranithabollepalli22@gmail.com'}, 'collection': {'metabase.models.collection.root/is-root?': True, 'authority_level': None, 'name': 'Our analytics', 'is_personal': False, 'id': 'root', 'can_write': True}, 'parameters': [], 'auto_apply_filters': True, 'created_at': '2025-05-09T01:28:56.499741Z', 'public_uuid': None, 'points_of_interest': None, 'can_delete': False}
2025-05-09 01:28:56,622 - INFO - Enabled auto-refresh on dashboard 19.
2025-05-09 01:28:56,772 - INFO - Found table DEMOGRAPHICS with ID: 25
2025-05-09 01:28:56,866 - INFO - Found table DEMOGRAPHICS with ID: 25
2025-05-09 01:28:56,919 - INFO - Available fields for table 25: {'AGEGROUP': 78, 'GENDER': 75, 'ENGAGEMENT': 76, 'PRODUCTIVITYLOSS': 77}
2025-05-09 01:28:56,922 - INFO - Payload for creating question 'Demographics': {'name': 'Demographics', 'dataset_query': {'type': 'query', 'database': 2, 'query': {'source-table': 25}}, 'display': 'bar', 'visualization_settings': {'graph.dimensions': ['AGEGROUP'], 'graph.metrics': ['ENGAGEMENT'], 'graph.x_axis.title_text': 'AGEGROUP', 'graph.y_axis.title_text': 'ENGAGEMENT', 'graph.show_values': True}}
2025-05-09 01:28:57,024 - INFO - Created question (card) with ID: 57
2025-05-09 01:28:57,025 - INFO - Payload for creating dashboard 'Demographics' with card: {'name': 'Demographics', 'dashcards': [{'card_id': 57, 'size_x': 6, 'size_y': 4, 'col': 0, 'row': 0}]}
2025-05-09 01:28:57,085 - INFO - Created dashboard 'Demographics' with ID: 20, Response: {'description': None, 'archived': False, 'view_count': 0, 'collection_position': None, 'dashcards': [], 'initially_published_at': None, 'can_write': True, 'tabs': [], 'enable_embedding': False, 'collection_id': None, 'show_in_getting_started': False, 'name': 'Demographics', 'width': 'fixed', 'caveats': None, 'collection_authority_level': None, 'creator_id': 1, 'can_restore': False, 'moderation_reviews': [], 'updated_at': '2025-05-09T01:28:57.040768Z', 'made_public_by_id': None, 'embedding_params': None, 'cache_ttl': None, 'last_used_param_values': {}, 'id': 20, 'last_viewed_at': '2025-05-09T01:28:57.040768Z', 'position': None, 'archived_directly': False, 'entity_id': 'NyjPC1qlnRGmsojTO3kLS', 'param_fields': None, 'last-edit-info': {'timestamp': '2025-05-09T01:28:57.079Z', 'id': 1, 'first_name': 'Pranitha', 'last_name': 'Bollepalli', 'email': 'pranithabollepalli22@gmail.com'}, 'collection': {'metabase.models.collection.root/is-root?': True, 'authority_level': None, 'name': 'Our analytics', 'is_personal': False, 'id': 'root', 'can_write': True}, 'parameters': [], 'auto_apply_filters': True, 'created_at': '2025-05-09T01:28:57.040768Z', 'public_uuid': None, 'points_of_interest': None, 'can_delete': False}
2025-05-09 01:28:57,135 - INFO - Enabled auto-refresh on dashboard 20.
2025-05-09 15:47:13,346 - ERROR - Error: 401 Client Error: Unauthorized for url: http://metabase:3000/api/session
2025-05-09 15:56:23,135 - ERROR - Error: HTTPConnectionPool(host='metabase', port=3000): Max retries exceeded with url: /api/session (Caused by NewConnectionError('<urllib3.connection.HTTPConnection object at 0x7f7ff9a277c0>: Failed to establish a new connection: [Errno 111] Connection refused'))
2025-05-09 15:58:41,830 - INFO - Authenticated with Metabase.
2025-05-09 15:58:41,831 - INFO - Session ID: 81832055-3638-4d5d-8558-bf4effc1165b
2025-05-09 15:58:41,945 - INFO - Found table ENGAGEMENT_OVERVIEW with ID: 29
2025-05-09 15:58:42,059 - INFO - Found table ENGAGEMENT_OVERVIEW with ID: 29
2025-05-09 15:58:42,217 - INFO - Available fields for table 29: {'PLATFORM': 116, 'ENGAGEMENT': 119, 'COMMUNITYENGAGEMENT': 118, 'LIVEENGAGEMENT': 117}
2025-05-09 15:58:42,218 - INFO - Payload for creating question 'Engagement Overview': {'name': 'Engagement Overview', 'dataset_query': {'type': 'query', 'database': 2, 'query': {'source-table': 29}}, 'display': 'bar', 'visualization_settings': {'graph.dimensions': ['PLATFORM'], 'graph.metrics': ['ENGAGEMENT'], 'graph.x_axis.title_text': 'PLATFORM', 'graph.y_axis.title_text': 'ENGAGEMENT', 'graph.show_values': True}}
2025-05-09 15:58:42,603 - INFO - Created question (card) with ID: 38
2025-05-09 15:58:42,604 - INFO - Payload for creating dashboard 'Engagement Overview' with card: {'name': 'Engagement Overview', 'dashcards': [{'card_id': 38, 'size_x': 6, 'size_y': 4, 'col': 0, 'row': 0}]}
2025-05-09 15:58:42,773 - INFO - Created dashboard 'Engagement Overview' with ID: 2, Response: {'description': None, 'archived': False, 'view_count': 0, 'collection_position': None, 'dashcards': [], 'initially_published_at': None, 'can_write': True, 'tabs': [], 'enable_embedding': False, 'collection_id': None, 'show_in_getting_started': False, 'name': 'Engagement Overview', 'width': 'fixed', 'caveats': None, 'collection_authority_level': None, 'creator_id': 1, 'can_restore': False, 'moderation_reviews': [], 'updated_at': '2025-05-09T15:58:42.631669Z', 'made_public_by_id': None, 'embedding_params': None, 'cache_ttl': None, 'last_used_param_values': {}, 'id': 2, 'last_viewed_at': '2025-05-09T15:58:42.631669Z', 'position': None, 'archived_directly': False, 'entity_id': 'e0OCIDcrEKvURpPBedbnS', 'param_fields': None, 'last-edit-info': {'timestamp': '2025-05-09T15:58:42.765Z', 'id': 1, 'first_name': 'Pranitha', 'last_name': 'Bollepalli', 'email': 'pranithabollepalli22@gmail.com'}, 'collection': {'metabase.models.collection.root/is-root?': True, 'authority_level': None, 'name': 'Our analytics', 'is_personal': False, 'id': 'root', 'can_write': True}, 'parameters': [], 'auto_apply_filters': True, 'created_at': '2025-05-09T15:58:42.631669Z', 'public_uuid': None, 'points_of_interest': None, 'can_delete': False}
2025-05-09 15:58:42,876 - INFO - Enabled auto-refresh on dashboard 2.
2025-05-09 15:58:43,010 - INFO - Found table COMMUNITY_TRENDS with ID: 33
2025-05-09 15:58:43,115 - INFO - Found table COMMUNITY_TRENDS with ID: 33
2025-05-09 15:58:43,170 - INFO - Available fields for table 33: {'COMMUNITYNAME': 72, 'COMMUNITYENGAGEMENT': 74, 'TOTALTIMESPENT': 73}
2025-05-09 15:58:43,171 - INFO - Payload for creating question 'Community Trends': {'name': 'Community Trends', 'dataset_query': {'type': 'query', 'database': 2, 'query': {'source-table': 33}}, 'display': 'bar', 'visualization_settings': {'graph.dimensions': ['COMMUNITYNAME'], 'graph.metrics': ['COMMUNITYENGAGEMENT'], 'graph.x_axis.title_text': 'COMMUNITYNAME', 'graph.y_axis.title_text': 'COMMUNITYENGAGEMENT', 'graph.show_values': True}}
2025-05-09 15:58:43,398 - INFO - Created question (card) with ID: 39
2025-05-09 15:58:43,400 - INFO - Payload for creating dashboard 'Community Trends' with card: {'name': 'Community Trends', 'dashcards': [{'card_id': 39, 'size_x': 6, 'size_y': 4, 'col': 0, 'row': 0}]}
2025-05-09 15:58:43,510 - INFO - Created dashboard 'Community Trends' with ID: 3, Response: {'description': None, 'archived': False, 'view_count': 0, 'collection_position': None, 'dashcards': [], 'initially_published_at': None, 'can_write': True, 'tabs': [], 'enable_embedding': False, 'collection_id': None, 'show_in_getting_started': False, 'name': 'Community Trends', 'width': 'fixed', 'caveats': None, 'collection_authority_level': None, 'creator_id': 1, 'can_restore': False, 'moderation_reviews': [], 'updated_at': '2025-05-09T15:58:43.433592Z', 'made_public_by_id': None, 'embedding_params': None, 'cache_ttl': None, 'last_used_param_values': {}, 'id': 3, 'last_viewed_at': '2025-05-09T15:58:43.433592Z', 'position': None, 'archived_directly': False, 'entity_id': 'YbF0u_v6Ag4Ev1UlpirBV', 'param_fields': None, 'last-edit-info': {'timestamp': '2025-05-09T15:58:43.500Z', 'id': 1, 'first_name': 'Pranitha', 'last_name': 'Bollepalli', 'email': 'pranithabollepalli22@gmail.com'}, 'collection': {'metabase.models.collection.root/is-root?': True, 'authority_level': None, 'name': 'Our analytics', 'is_personal': False, 'id': 'root', 'can_write': True}, 'parameters': [], 'auto_apply_filters': True, 'created_at': '2025-05-09T15:58:43.433592Z', 'public_uuid': None, 'points_of_interest': None, 'can_delete': False}
2025-05-09 15:58:43,589 - INFO - Enabled auto-refresh on dashboard 3.
2025-05-09 15:58:43,673 - INFO - Found table LIVE_STREAMING with ID: 14
2025-05-09 15:58:43,764 - INFO - Found table LIVE_STREAMING with ID: 14
2025-05-09 15:58:43,816 - INFO - Available fields for table 14: {'DEVICETYPE': 182, 'LIVEENGAGEMENT': 181, 'STREAMDURATION': 183, 'VIEWERCOUNT': 184}
2025-05-09 15:58:43,818 - INFO - Payload for creating question 'Live Streaming': {'name': 'Live Streaming', 'dataset_query': {'type': 'query', 'database': 2, 'query': {'source-table': 14}}, 'display': 'bar', 'visualization_settings': {'graph.dimensions': ['DEVICETYPE'], 'graph.metrics': ['LIVEENGAGEMENT'], 'graph.x_axis.title_text': 'DEVICETYPE', 'graph.y_axis.title_text': 'LIVEENGAGEMENT', 'graph.show_values': True}}
2025-05-09 15:58:43,986 - INFO - Created question (card) with ID: 40
2025-05-09 15:58:43,987 - INFO - Payload for creating dashboard 'Live Streaming' with card: {'name': 'Live Streaming', 'dashcards': [{'card_id': 40, 'size_x': 6, 'size_y': 4, 'col': 0, 'row': 0}]}
2025-05-09 15:58:44,078 - INFO - Created dashboard 'Live Streaming' with ID: 4, Response: {'description': None, 'archived': False, 'view_count': 0, 'collection_position': None, 'dashcards': [], 'initially_published_at': None, 'can_write': True, 'tabs': [], 'enable_embedding': False, 'collection_id': None, 'show_in_getting_started': False, 'name': 'Live Streaming', 'width': 'fixed', 'caveats': None, 'collection_authority_level': None, 'creator_id': 1, 'can_restore': False, 'moderation_reviews': [], 'updated_at': '2025-05-09T15:58:44.010471Z', 'made_public_by_id': None, 'embedding_params': None, 'cache_ttl': None, 'last_used_param_values': {}, 'id': 4, 'last_viewed_at': '2025-05-09T15:58:44.010471Z', 'position': None, 'archived_directly': False, 'entity_id': '3mOLH0WKAgWrWvi1L6_X3', 'param_fields': None, 'last-edit-info': {'timestamp': '2025-05-09T15:58:44.072Z', 'id': 1, 'first_name': 'Pranitha', 'last_name': 'Bollepalli', 'email': 'pranithabollepalli22@gmail.com'}, 'collection': {'metabase.models.collection.root/is-root?': True, 'authority_level': None, 'name': 'Our analytics', 'is_personal': False, 'id': 'root', 'can_write': True}, 'parameters': [], 'auto_apply_filters': True, 'created_at': '2025-05-09T15:58:44.010471Z', 'public_uuid': None, 'points_of_interest': None, 'can_delete': False}
2025-05-09 15:58:44,149 - INFO - Enabled auto-refresh on dashboard 4.
2025-05-09 15:58:44,249 - INFO - Found table VIDEO_INTERACTIONS with ID: 31
2025-05-09 15:58:44,335 - INFO - Found table VIDEO_INTERACTIONS with ID: 31
2025-05-09 15:58:44,379 - INFO - Available fields for table 31: {'WATCHREASON': 247, 'ENGAGEMENT': 248, 'PRODUCTIVITYLOSS': 246, 'SATISFACTION': 249}
2025-05-09 15:58:44,380 - INFO - Payload for creating question 'Video Interactions': {'name': 'Video Interactions', 'dataset_query': {'type': 'query', 'database': 2, 'query': {'source-table': 31}}, 'display': 'bar', 'visualization_settings': {'graph.dimensions': ['WATCHREASON'], 'graph.metrics': ['ENGAGEMENT'], 'graph.x_axis.title_text': 'WATCHREASON', 'graph.y_axis.title_text': 'ENGAGEMENT', 'graph.show_values': True}}
2025-05-09 15:58:44,517 - INFO - Created question (card) with ID: 41
2025-05-09 15:58:44,518 - INFO - Payload for creating dashboard 'Video Interactions' with card: {'name': 'Video Interactions', 'dashcards': [{'card_id': 41, 'size_x': 6, 'size_y': 4, 'col': 0, 'row': 0}]}
2025-05-09 15:58:44,594 - INFO - Created dashboard 'Video Interactions' with ID: 5, Response: {'description': None, 'archived': False, 'view_count': 0, 'collection_position': None, 'dashcards': [], 'initially_published_at': None, 'can_write': True, 'tabs': [], 'enable_embedding': False, 'collection_id': None, 'show_in_getting_started': False, 'name': 'Video Interactions', 'width': 'fixed', 'caveats': None, 'collection_authority_level': None, 'creator_id': 1, 'can_restore': False, 'moderation_reviews': [], 'updated_at': '2025-05-09T15:58:44.53469Z', 'made_public_by_id': None, 'embedding_params': None, 'cache_ttl': None, 'last_used_param_values': {}, 'id': 5, 'last_viewed_at': '2025-05-09T15:58:44.53469Z', 'position': None, 'archived_directly': False, 'entity_id': 'qXjAP4EIGxMurTbWkzRjV', 'param_fields': None, 'last-edit-info': {'timestamp': '2025-05-09T15:58:44.588Z', 'id': 1, 'first_name': 'Pranitha', 'last_name': 'Bollepalli', 'email': 'pranithabollepalli22@gmail.com'}, 'collection': {'metabase.models.collection.root/is-root?': True, 'authority_level': None, 'name': 'Our analytics', 'is_personal': False, 'id': 'root', 'can_write': True}, 'parameters': [], 'auto_apply_filters': True, 'created_at': '2025-05-09T15:58:44.53469Z', 'public_uuid': None, 'points_of_interest': None, 'can_delete': False}
2025-05-09 15:58:44,665 - INFO - Enabled auto-refresh on dashboard 5.
2025-05-09 15:58:44,758 - INFO - Found table TIME_TRENDS with ID: 19
2025-05-09 15:58:44,847 - INFO - Found table TIME_TRENDS with ID: 19
2025-05-09 15:58:44,899 - INFO - Available fields for table 19: {'HOUR': 243, 'ENGAGEMENT': 245, 'TOTALTIMESPENT': 242, 'NUMBEROFSESSIONS': 244}
2025-05-09 15:58:44,900 - INFO - Payload for creating question 'Time Trends': {'name': 'Time Trends', 'dataset_query': {'type': 'query', 'database': 2, 'query': {'source-table': 19}}, 'display': 'bar', 'visualization_settings': {'graph.dimensions': ['HOUR'], 'graph.metrics': ['ENGAGEMENT'], 'graph.x_axis.title_text': 'HOUR', 'graph.y_axis.title_text': 'ENGAGEMENT', 'graph.show_values': True}}
2025-05-09 15:58:45,049 - INFO - Created question (card) with ID: 42
2025-05-09 15:58:45,050 - INFO - Payload for creating dashboard 'Time Trends' with card: {'name': 'Time Trends', 'dashcards': [{'card_id': 42, 'size_x': 6, 'size_y': 4, 'col': 0, 'row': 0}]}
2025-05-09 15:58:45,116 - INFO - Created dashboard 'Time Trends' with ID: 6, Response: {'description': None, 'archived': False, 'view_count': 0, 'collection_position': None, 'dashcards': [], 'initially_published_at': None, 'can_write': True, 'tabs': [], 'enable_embedding': False, 'collection_id': None, 'show_in_getting_started': False, 'name': 'Time Trends', 'width': 'fixed', 'caveats': None, 'collection_authority_level': None, 'creator_id': 1, 'can_restore': False, 'moderation_reviews': [], 'updated_at': '2025-05-09T15:58:45.065744Z', 'made_public_by_id': None, 'embedding_params': None, 'cache_ttl': None, 'last_used_param_values': {}, 'id': 6, 'last_viewed_at': '2025-05-09T15:58:45.065744Z', 'position': None, 'archived_directly': False, 'entity_id': '8KXzvMPDw-jj_gNUGCDfL', 'param_fields': None, 'last-edit-info': {'timestamp': '2025-05-09T15:58:45.110Z', 'id': 1, 'first_name': 'Pranitha', 'last_name': 'Bollepalli', 'email': 'pranithabollepalli22@gmail.com'}, 'collection': {'metabase.models.collection.root/is-root?': True, 'authority_level': None, 'name': 'Our analytics', 'is_personal': False, 'id': 'root', 'can_write': True}, 'parameters': [], 'auto_apply_filters': True, 'created_at': '2025-05-09T15:58:45.065744Z', 'public_uuid': None, 'points_of_interest': None, 'can_delete': False}
2025-05-09 15:58:45,176 - INFO - Enabled auto-refresh on dashboard 6.
2025-05-09 15:58:45,272 - INFO - Found table DEMOGRAPHICS with ID: 25
2025-05-09 15:58:45,346 - INFO - Found table DEMOGRAPHICS with ID: 25
2025-05-09 15:58:45,390 - INFO - Available fields for table 25: {'AGEGROUP': 78, 'GENDER': 75, 'ENGAGEMENT': 76, 'PRODUCTIVITYLOSS': 77}
2025-05-09 15:58:45,392 - INFO - Payload for creating question 'Demographics': {'name': 'Demographics', 'dataset_query': {'type': 'query', 'database': 2, 'query': {'source-table': 25}}, 'display': 'bar', 'visualization_settings': {'graph.dimensions': ['AGEGROUP'], 'graph.metrics': ['ENGAGEMENT'], 'graph.x_axis.title_text': 'AGEGROUP', 'graph.y_axis.title_text': 'ENGAGEMENT', 'graph.show_values': True}}
2025-05-09 15:58:45,534 - INFO - Created question (card) with ID: 43
2025-05-09 15:58:45,535 - INFO - Payload for creating dashboard 'Demographics' with card: {'name': 'Demographics', 'dashcards': [{'card_id': 43, 'size_x': 6, 'size_y': 4, 'col': 0, 'row': 0}]}
2025-05-09 15:58:45,600 - INFO - Created dashboard 'Demographics' with ID: 7, Response: {'description': None, 'archived': False, 'view_count': 0, 'collection_position': None, 'dashcards': [], 'initially_published_at': None, 'can_write': True, 'tabs': [], 'enable_embedding': False, 'collection_id': None, 'show_in_getting_started': False, 'name': 'Demographics', 'width': 'fixed', 'caveats': None, 'collection_authority_level': None, 'creator_id': 1, 'can_restore': False, 'moderation_reviews': [], 'updated_at': '2025-05-09T15:58:45.551354Z', 'made_public_by_id': None, 'embedding_params': None, 'cache_ttl': None, 'last_used_param_values': {}, 'id': 7, 'last_viewed_at': '2025-05-09T15:58:45.551354Z', 'position': None, 'archived_directly': False, 'entity_id': 'Jy4GbS8m-GBTx0At_3pMC', 'param_fields': None, 'last-edit-info': {'timestamp': '2025-05-09T15:58:45.594Z', 'id': 1, 'first_name': 'Pranitha', 'last_name': 'Bollepalli', 'email': 'pranithabollepalli22@gmail.com'}, 'collection': {'metabase.models.collection.root/is-root?': True, 'authority_level': None, 'name': 'Our analytics', 'is_personal': False, 'id': 'root', 'can_write': True}, 'parameters': [], 'auto_apply_filters': True, 'created_at': '2025-05-09T15:58:45.551354Z', 'public_uuid': None, 'points_of_interest': None, 'can_delete': False}
2025-05-09 15:58:45,653 - INFO - Enabled auto-refresh on dashboard 7.
